<?xml version="1.0" encoding="UTF-8"?>
<!-- Generated by org.testng.reporters.JUnitReportReporter -->
<testsuite hostname="LAPTOP-VRF7QEJL" failures="0" tests="1" name="RunnerFiles.LoginWithDataTableWithListsRunner" time="6.648" errors="0" timestamp="2025-03-15T12:52:34 IST" skipped="0">
  <testcase classname="RunnerFiles.LoginWithDataTableWithListsRunner" name="runScenario" time="6.648"/>
</testsuite> <!-- RunnerFiles.LoginWithDataTableWithListsRunner -->
