<?xml version="1.0" encoding="UTF-8"?>
<!-- Generated by org.testng.reporters.JUnitReportReporter -->
<testsuite hostname="LAPTOP-VRF7QEJL" failures="0" tests="1" name="RunnerFiles.LoginWithDataTableAsMaps" time="6.148" errors="0" timestamp="2025-03-08T13:12:37 IST" skipped="0">
  <testcase classname="RunnerFiles.LoginWithDataTableAsMaps" name="runScenario" time="6.148"/>
</testsuite> <!-- RunnerFiles.LoginWithDataTableAsMaps -->
